<?xml version="1.0" encoding="UTF-8"?>
<!-- Generated by org.testng.reporters.JUnitReportReporter -->
<testsuite hostname="AliyaVasu" failures="0" tests="9" name="webmath.com.TS2" time="1.324" errors="1" timestamp="2023-05-11T20:45:00 IST" skipped="8">
  <testcase classname="webmath.com.TS2" name="launch" time="1.324">
    <error message="session not created: This version of ChromeDriver only supports Chrome version 111
Current browser version is 113.0.5672.92 with binary path C:\Program Files\Google\Chrome\Application\chrome.exe
Build info: version: &#039;3.141.59&#039;, revision: &#039;e82be7d358&#039;, time: &#039;2018-11-14T08:25:53&#039;
System info: host: &#039;ALIYAVASU&#039;, ip: &#039;192.168.220.178&#039;, os.name: &#039;Windows 11&#039;, os.arch: &#039;amd64&#039;, os.version: &#039;10.0&#039;, java.version: &#039;19.0.2&#039;
Driver info: driver.version: ChromeDriver
remote stacktrace: Backtrace:
	(No symbol) [0x00BDDCE3]
	(No symbol) [0x00B739D1]
	(No symbol) [0x00A84DA8]
	(No symbol) [0x00AA4F6C]
	(No symbol) [0x00AA0D11]
	(No symbol) [0x00A9ED19]
	(No symbol) [0x00AD15AE]
	(No symbol) [0x00AD129C]
	(No symbol) [0x00ACACC6]
	(No symbol) [0x00AA6F68]
	(No symbol) [0x00AA80CD]
	GetHandleVerifier [0x00E53832+2506274]
	GetHandleVerifier [0x00E89794+2727300]
	GetHandleVerifier [0x00E8E36C+2746716]
	GetHandleVerifier [0x00C86690+617600]
	(No symbol) [0x00B7C712]
	(No symbol) [0x00B81FF8]
	(No symbol) [0x00B820DB]
	(No symbol) [0x00B8C63B]
	BaseThreadInitThunk [0x764D7D49+25]
	RtlInitializeExceptionChain [0x776BB74B+107]
	RtlClearBits [0x776BB6CF+191]
" type="org.openqa.selenium.SessionNotCreatedException">
      <![CDATA[org.openqa.selenium.SessionNotCreatedException: session not created: This version of ChromeDriver only supports Chrome version 111
Current browser version is 113.0.5672.92 with binary path C:\Program Files\Google\Chrome\Application\chrome.exe
Build info: version: '3.141.59', revision: 'e82be7d358', time: '2018-11-14T08:25:53'
System info: host: 'ALIYAVASU', ip: '192.168.220.178', os.name: 'Windows 11', os.arch: 'amd64', os.version: '10.0', java.version: '19.0.2'
Driver info: driver.version: ChromeDriver
remote stacktrace: Backtrace:
(No symbol) [0x00BDDCE3]
(No symbol) [0x00B739D1]
(No symbol) [0x00A84DA8]
(No symbol) [0x00AA4F6C]
(No symbol) [0x00AA0D11]
(No symbol) [0x00A9ED19]
(No symbol) [0x00AD15AE]
(No symbol) [0x00AD129C]
(No symbol) [0x00ACACC6]
(No symbol) [0x00AA6F68]
(No symbol) [0x00AA80CD]
GetHandleVerifier [0x00E53832+2506274]
GetHandleVerifier [0x00E89794+2727300]
GetHandleVerifier [0x00E8E36C+2746716]
GetHandleVerifier [0x00C86690+617600]
(No symbol) [0x00B7C712]
(No symbol) [0x00B81FF8]
(No symbol) [0x00B820DB]
(No symbol) [0x00B8C63B]
BaseThreadInitThunk [0x764D7D49+25]
RtlInitializeExceptionChain [0x776BB74B+107]
RtlClearBits [0x776BB6CF+191]

at java.base/jdk.internal.reflect.DirectConstructorHandleAccessor.newInstance(DirectConstructorHandleAccessor.java:67)
at java.base/java.lang.reflect.Constructor.newInstanceWithCaller(Constructor.java:500)
at java.base/java.lang.reflect.Constructor.newInstance(Constructor.java:484)
at org.openqa.selenium.remote.W3CHandshakeResponse.lambda$errorHandler$0(W3CHandshakeResponse.java:62)
at org.openqa.selenium.remote.HandshakeResponse.lambda$getResponseFunction$0(HandshakeResponse.java:30)
at org.openqa.selenium.remote.ProtocolHandshake.lambda$createSession$0(ProtocolHandshake.java:126)
at java.base/java.util.stream.ReferencePipeline$3$1.accept(ReferencePipeline.java:197)
at java.base/java.util.Spliterators$ArraySpliterator.tryAdvance(Spliterators.java:1016)
at java.base/java.util.stream.ReferencePipeline.forEachWithCancel(ReferencePipeline.java:129)
at java.base/java.util.stream.AbstractPipeline.copyIntoWithCancel(AbstractPipeline.java:527)
at java.base/java.util.stream.AbstractPipeline.copyInto(AbstractPipeline.java:513)
at java.base/java.util.stream.AbstractPipeline.wrapAndCopyInto(AbstractPipeline.java:499)
at java.base/java.util.stream.FindOps$FindOp.evaluateSequential(FindOps.java:150)
at java.base/java.util.stream.AbstractPipeline.evaluate(AbstractPipeline.java:234)
at java.base/java.util.stream.ReferencePipeline.findFirst(ReferencePipeline.java:647)
at org.openqa.selenium.remote.ProtocolHandshake.createSession(ProtocolHandshake.java:128)
at org.openqa.selenium.remote.ProtocolHandshake.createSession(ProtocolHandshake.java:74)
at org.openqa.selenium.remote.HttpCommandExecutor.execute(HttpCommandExecutor.java:136)
at org.openqa.selenium.remote.service.DriverCommandExecutor.execute(DriverCommandExecutor.java:83)
at org.openqa.selenium.remote.RemoteWebDriver.execute(RemoteWebDriver.java:552)
at org.openqa.selenium.remote.RemoteWebDriver.startSession(RemoteWebDriver.java:213)
at org.openqa.selenium.remote.RemoteWebDriver.<init>(RemoteWebDriver.java:131)
at org.openqa.selenium.chrome.ChromeDriver.<init>(ChromeDriver.java:181)
at org.openqa.selenium.chrome.ChromeDriver.<init>(ChromeDriver.java:168)
at org.openqa.selenium.chrome.ChromeDriver.<init>(ChromeDriver.java:123)
at webmath.com.TS2.launch(TS2.java:24)
at java.base/jdk.internal.reflect.DirectMethodHandleAccessor.invoke(DirectMethodHandleAccessor.java:104)
at java.base/java.lang.reflect.Method.invoke(Method.java:578)
at org.testng.internal.MethodInvocationHelper.invokeMethod(MethodInvocationHelper.java:133)
at org.testng.internal.MethodInvocationHelper.invokeMethodConsideringTimeout(MethodInvocationHelper.java:62)
at org.testng.internal.ConfigInvoker.invokeConfigurationMethod(ConfigInvoker.java:385)
at org.testng.internal.ConfigInvoker.invokeConfigurations(ConfigInvoker.java:321)
at org.testng.internal.TestMethodWorker.invokeBeforeClassMethods(TestMethodWorker.java:176)
at org.testng.internal.TestMethodWorker.run(TestMethodWorker.java:122)
at java.base/java.util.ArrayList.forEach(ArrayList.java:1511)
at org.testng.TestRunner.privateRun(TestRunner.java:794)
at org.testng.TestRunner.run(TestRunner.java:596)
at org.testng.SuiteRunner.runTest(SuiteRunner.java:377)
at org.testng.SuiteRunner.runSequentially(SuiteRunner.java:371)
at org.testng.SuiteRunner.privateRun(SuiteRunner.java:332)
at org.testng.SuiteRunner.run(SuiteRunner.java:276)
at org.testng.SuiteRunnerWorker.runSuite(SuiteRunnerWorker.java:53)
at org.testng.SuiteRunnerWorker.run(SuiteRunnerWorker.java:96)
at org.testng.TestNG.runSuitesSequentially(TestNG.java:1212)
at org.testng.TestNG.runSuitesLocally(TestNG.java:1134)
at org.testng.TestNG.runSuites(TestNG.java:1063)
at org.testng.TestNG.run(TestNG.java:1031)
at org.testng.remote.AbstractRemoteTestNG.run(AbstractRemoteTestNG.java:115)
at org.testng.remote.RemoteTestNG.initAndRun(RemoteTestNG.java:251)
at org.testng.remote.RemoteTestNG.main(RemoteTestNG.java:77)
]]>
    </error>
  </testcase> <!-- launch -->
  <system-out/>
  <testcase classname="webmath.com.TS2" name="TC001" time="0.000">
    <skipped/>
  </testcase> <!-- TC001 -->
  <system-out/>
  <testcase classname="webmath.com.TS2" name="TC002" time="0.000">
    <skipped/>
  </testcase> <!-- TC002 -->
  <system-out/>
  <testcase classname="webmath.com.TS2" name="TC003" time="0.000">
    <skipped/>
  </testcase> <!-- TC003 -->
  <system-out/>
  <testcase classname="webmath.com.TS2" name="TC004" time="0.000">
    <skipped/>
  </testcase> <!-- TC004 -->
  <system-out/>
  <testcase classname="webmath.com.TS2" name="TC005" time="0.000">
    <skipped/>
  </testcase> <!-- TC005 -->
  <system-out/>
  <testcase classname="webmath.com.TS2" name="TC006" time="0.000">
    <skipped/>
  </testcase> <!-- TC006 -->
  <system-out/>
  <testcase classname="webmath.com.TS2" name="TC007" time="0.000">
    <skipped/>
  </testcase> <!-- TC007 -->
  <system-out/>
  <testcase classname="webmath.com.TS2" name="TC008" time="0.000">
    <skipped/>
  </testcase> <!-- TC008 -->
  <system-out/>
</testsuite> <!-- webmath.com.TS2 -->
